# JRE version: Java(TM) SE Runtime Environment (8.0_141-b15) (build 1.8.0_141-b15)
# Java VM: Java HotSpot(TM) 64-Bit Server VM (25.141-b15 mixed mode windows-amd64 compressed oops)
Heap:
 PSYoungGen      total 16896K, used 5893K [0x00000000ed800000, 0x00000000eea80000, 0x0000000100000000)
  eden space 14848K, 39% used [0x00000000ed800000,0x00000000eddc1648,0x00000000ee680000)
  from space 2048K, 0% used [0x00000000ee680000,0x00000000ee680000,0x00000000ee880000)
  to   space 2048K, 0% used [0x00000000ee880000,0x00000000ee880000,0x00000000eea80000)
 ParOldGen       total 31232K, used 1954K [0x00000000c8800000, 0x00000000ca680000, 0x00000000ed800000)
  object space 31232K, 6% used [0x00000000c8800000,0x00000000c89e8bb0,0x00000000ca680000)
 Metaspace       used 14166K, capacity 14364K, committed 14464K, reserved 1062912K
  class space    used 1794K, capacity 1874K, committed 1920K, reserved 1048576K
GC Heap History (4 events):
Event: 1.833 GC heap before
{Heap before GC invocations=1 (full 0):
 PSYoungGen      total 16896K, used 5710K [0x00000000ed800000, 0x00000000eea80000, 0x0000000100000000)
  eden space 14848K, 38% used [0x00000000ed800000,0x00000000edd93a30,0x00000000ee680000)
  from space 2048K, 0% used [0x00000000ee880000,0x00000000ee880000,0x00000000eea80000)
  to   space 2048K, 0% used [0x00000000ee680000,0x00000000ee680000,0x00000000ee880000)
 ParOldGen       total 38400K, used 0K [0x00000000c8800000, 0x00000000cad80000, 0x00000000ed800000)
  object space 38400K, 0% used [0x00000000c8800000,0x00000000c8800000,0x00000000cad80000)
 Metaspace       used 9246K, capacity 9416K, committed 9472K, reserved 1062912K
  class space    used 1155K, capacity 1250K, committed 1280K, reserved 1048576K
Event: 1.841 GC heap after
Heap after GC invocations=1 (full 0):
 PSYoungGen      total 16896K, used 2040K [0x00000000ed800000, 0x00000000eea80000, 0x0000000100000000)
  eden space 14848K, 0% used [0x00000000ed800000,0x00000000ed800000,0x00000000ee680000)
  from space 2048K, 99% used [0x00000000ee680000,0x00000000ee87e3a0,0x00000000ee880000)
  to   space 2048K, 0% used [0x00000000ee880000,0x00000000ee880000,0x00000000eea80000)
 ParOldGen       total 38400K, used 32K [0x00000000c8800000, 0x00000000cad80000, 0x00000000ed800000)
  object space 38400K, 0% used [0x00000000c8800000,0x00000000c8808100,0x00000000cad80000)
 Metaspace       used 9246K, capacity 9416K, committed 9472K, reserved 1062912K
  class space    used 1155K, capacity 1250K, committed 1280K, reserved 1048576K
}
Event: 1.841 GC heap before
{Heap before GC invocations=2 (full 1):
 PSYoungGen      total 16896K, used 2040K [0x00000000ed800000, 0x00000000eea80000, 0x0000000100000000)
  eden space 14848K, 0% used [0x00000000ed800000,0x00000000ed800000,0x00000000ee680000)
  from space 2048K, 99% used [0x00000000ee680000,0x00000000ee87e3a0,0x00000000ee880000)
  to   space 2048K, 0% used [0x00000000ee880000,0x00000000ee880000,0x00000000eea80000)
 ParOldGen       total 38400K, used 32K [0x00000000c8800000, 0x00000000cad80000, 0x00000000ed800000)
  object space 38400K, 0% used [0x00000000c8800000,0x00000000c8808100,0x00000000cad80000)
 Metaspace       used 9246K, capacity 9416K, committed 9472K, reserved 1062912K
  class space    used 1155K, capacity 1250K, committed 1280K, reserved 1048576K
Event: 2.011 GC heap after
Heap after GC invocations=2 (full 1):
 PSYoungGen      total 16896K, used 0K [0x00000000ed800000, 0x00000000eea80000, 0x0000000100000000)
  eden space 14848K, 0% used [0x00000000ed800000,0x00000000ed800000,0x00000000ee680000)
  from space 2048K, 0% used [0x00000000ee680000,0x00000000ee680000,0x00000000ee880000)
  to   space 2048K, 0% used [0x00000000ee880000,0x00000000ee880000,0x00000000eea80000)
 ParOldGen       total 31232K, used 1954K [0x00000000c8800000, 0x00000000ca680000, 0x00000000ed800000)
  object space 31232K, 6% used [0x00000000c8800000,0x00000000c89e8bb0,0x00000000ca680000)
 Metaspace       used 9246K, capacity 9416K, committed 9472K, reserved 1058816K
  class space    used 1155K, capacity 1250K, committed 1280K, reserved 1048576K
}

